<?xml version="1.0" encoding="UTF-8"?>
<!-- Generated by org.testng.reporters.JUnitReportReporter -->
<testsuite hostname="DESKTOP-3DKGOGQ" name="testNGFrameworks.Demo" tests="5" failures="0" timestamp="22 May 2023 13:57:08 GMT" time="35.081" errors="0">
  <testcase name="a4_PrintText" time="0.262" classname="testNGFrameworks.Demo"/>
  <testcase name="a1_PageLoded" time="20.232" classname="testNGFrameworks.Demo"/>
  <testcase name="a3_AddToCart" time="10.410" classname="testNGFrameworks.Demo"/>
  <testcase name="a5_LogOut" time="0.862" classname="testNGFrameworks.Demo"/>
  <testcase name="a2_LoginPage" time="3.315" classname="testNGFrameworks.Demo"/>
</testsuite> <!-- testNGFrameworks.Demo -->
