<?xml version="1.0" encoding="UTF-8"?>
<!-- Generated by org.testng.reporters.JUnitReportReporter -->
<testsuite hostname="DESKTOP-3DKGOGQ" name="testNGFrameworks.DisablingTestCase" tests="3" failures="0" timestamp="3 Oct 2023 05:49:30 GMT" time="0.827" errors="0">
  <testcase name="f2" time="0.004" classname="testNGFrameworks.DisablingTestCase"/>
  <testcase name="f4" time="0.005" classname="testNGFrameworks.DisablingTestCase"/>
  <testcase name="f1" time="0.818" classname="testNGFrameworks.DisablingTestCase"/>
</testsuite> <!-- testNGFrameworks.DisablingTestCase -->
