<?xml version="1.0" encoding="UTF-8"?>
<!-- Generated by org.testng.reporters.JUnitReportReporter -->
<testsuite hostname="DESKTOP-3DKGOGQ" name="pageObjectModel.Login" tests="1" failures="0" timestamp="5 Aug 2023 11:08:19 GMT" time="63.766" errors="0">
  <testcase name="launchbrowser" time="63.766" classname="pageObjectModel.Login"/>
</testsuite> <!-- pageObjectModel.Login -->
