<?xml version="1.0" encoding="UTF-8"?>
<!-- Generated by org.testng.reporters.JUnitReportReporter -->
<testsuite hostname="DESKTOP-3DKGOGQ" name="testNGFrameworks.SwagLabs" tests="5" failures="0" timestamp="17 Feb 2024 11:29:17 GMT" time="48.110" errors="0">
  <testcase name="a3_AddToCart" time="7.583" classname="testNGFrameworks.SwagLabs"/>
  <testcase name="a1_PageLoded" time="20.854" classname="testNGFrameworks.SwagLabs"/>
  <testcase name="a5_LogOut" time="17.688" classname="testNGFrameworks.SwagLabs"/>
  <testcase name="a4_PrintText" time="0.077" classname="testNGFrameworks.SwagLabs"/>
  <testcase name="a2_LoginPage" time="1.908" classname="testNGFrameworks.SwagLabs"/>
</testsuite> <!-- testNGFrameworks.SwagLabs -->
