<?xml version="1.0" encoding="UTF-8"?>
<!-- Generated by org.testng.reporters.JUnitReportReporter -->
<testsuite hostname="DESKTOP-3DKGOGQ" name="testNGFrameworks.Annotation" tests="3" failures="0" timestamp="28 Dec 2023 09:50:06 GMT" time="34.874" errors="0">
  <testcase name="a_google" time="15.304" classname="testNGFrameworks.Annotation"/>
  <testcase name="b_bingo" time="5.474" classname="testNGFrameworks.Annotation"/>
  <testcase name="c_facebook" time="14.096" classname="testNGFrameworks.Annotation"/>
</testsuite> <!-- testNGFrameworks.Annotation -->
