<?xml version="1.0" encoding="UTF-8"?>
<!-- Generated by org.testng.reporters.JUnitReportReporter -->
<testsuite hostname="DESKTOP-3DKGOGQ" name="testNGFrameworks.Grouping" tests="1" failures="0" timestamp="12 Aug 2023 10:21:01 GMT" time="0.032" errors="0">
  <testcase name="iphone" time="0.032" classname="testNGFrameworks.Grouping"/>
</testsuite> <!-- testNGFrameworks.Grouping -->
