<?xml version="1.0" encoding="UTF-8"?>
<!-- Generated by org.testng.reporters.JUnitReportReporter -->
<testsuite hostname="DESKTOP-3DKGOGQ" name="extendReport.Swag" tests="5" failures="0" timestamp="28 Dec 2023 09:20:25 GMT" time="39.221" errors="0">
  <testcase name="a4_PrintText" time="0.084" classname="extendReport.Swag"/>
  <testcase name="a2_LoginPage" time="1.606" classname="extendReport.Swag"/>
  <testcase name="a5_LogOut" time="12.599" classname="extendReport.Swag"/>
  <testcase name="a3_AddToCart" time="4.310" classname="extendReport.Swag"/>
  <testcase name="a1_PageLoded" time="20.622" classname="extendReport.Swag"/>
</testsuite> <!-- extendReport.Swag -->
