<?xml version="1.0" encoding="UTF-8"?>
<!-- Generated by org.testng.reporters.JUnitReportReporter -->
<testsuite hostname="DESKTOP-3DKGOGQ" name="testNGFrameworks.AnnotationsDemo" tests="1" failures="0" timestamp="10 Dec 2023 12:57:50 GMT" time="0.031" errors="0">
  <testcase name="f" time="0.031" classname="testNGFrameworks.AnnotationsDemo"/>
</testsuite> <!-- testNGFrameworks.AnnotationsDemo -->
